2024-09-01T07:25:58.706+07:00  INFO 18172 --- [SpringMVCDemo] [main] com.diep.SpringMvcDemoApplication        : Starting SpringMvcDemoApplication using Java 17.0.10 with PID 18172 (C:\Users\diepa\OneDrive\Documents\Working\Learning\Java\Code\SpringFramework\MVCWithBoot\target\classes started by diepa in C:\Users\diepa\OneDrive\Documents\Working\Learning\Java\Code\SpringFramework\MVCWithBoot)
2024-09-01T07:25:58.708+07:00  INFO 18172 --- [SpringMVCDemo] [main] com.diep.SpringMvcDemoApplication        : No active profile set, falling back to 1 default profile: "default"
2024-09-01T07:25:59.185+07:00  INFO 18172 --- [SpringMVCDemo] [main] .s.d.r.c.RepositoryConfigurationDelegate : Bootstrapping Spring Data JPA repositories in DEFAULT mode.
2024-09-01T07:25:59.236+07:00  INFO 18172 --- [SpringMVCDemo] [main] .s.d.r.c.RepositoryConfigurationDelegate : Finished Spring Data repository scanning in 40 ms. Found 1 JPA repository interface.
2024-09-01T07:25:59.764+07:00  INFO 18172 --- [SpringMVCDemo] [main] o.s.b.w.embedded.tomcat.TomcatWebServer  : Tomcat initialized with port 8081 (http)
2024-09-01T07:25:59.778+07:00  INFO 18172 --- [SpringMVCDemo] [main] o.apache.catalina.core.StandardService   : Starting service [Tomcat]
2024-09-01T07:25:59.778+07:00  INFO 18172 --- [SpringMVCDemo] [main] o.apache.catalina.core.StandardEngine    : Starting Servlet engine: [Apache Tomcat/10.1.28]
2024-09-01T07:25:59.973+07:00  INFO 18172 --- [SpringMVCDemo] [main] org.apache.jasper.servlet.TldScanner     : At least one JAR was scanned for TLDs yet contained no TLDs. Enable debug logging for this logger for a complete list of JARs that were scanned but no TLDs were found in them. Skipping unneeded JARs during scanning can improve startup time and JSP compilation time.
2024-09-01T07:25:59.980+07:00  INFO 18172 --- [SpringMVCDemo] [main] o.a.c.c.C.[Tomcat].[localhost].[/]       : Initializing Spring embedded WebApplicationContext
2024-09-01T07:25:59.981+07:00  INFO 18172 --- [SpringMVCDemo] [main] w.s.c.ServletWebServerApplicationContext : Root WebApplicationContext: initialization completed in 1238 ms
2024-09-01T07:26:00.425+07:00  INFO 18172 --- [SpringMVCDemo] [main] o.s.o.j.p.SpringPersistenceUnitInfo      : No LoadTimeWeaver setup: ignoring JPA class transformer
2024-09-01T07:26:00.448+07:00  INFO 18172 --- [SpringMVCDemo] [main] com.zaxxer.hikari.HikariDataSource       : HikariPool-1 - Starting...
2024-09-01T07:26:00.855+07:00  INFO 18172 --- [SpringMVCDemo] [main] com.zaxxer.hikari.pool.HikariPool        : HikariPool-1 - Added connection com.mysql.cj.jdbc.ConnectionImpl@2548fc01
2024-09-01T07:26:00.860+07:00  INFO 18172 --- [SpringMVCDemo] [main] com.zaxxer.hikari.HikariDataSource       : HikariPool-1 - Start completed.
2024-09-01T07:26:02.000+07:00  INFO 18172 --- [SpringMVCDemo] [main] j.LocalContainerEntityManagerFactoryBean : Initialized JPA EntityManagerFactory for persistence unit 'default'
2024-09-01T07:26:02.294+07:00  INFO 18172 --- [SpringMVCDemo] [main] o.s.d.j.r.query.QueryEnhancerFactory     : Hibernate is in classpath; If applicable, HQL parser will be used.
2024-09-01T07:26:02.737+07:00  WARN 18172 --- [SpringMVCDemo] [main] JpaBaseConfiguration$JpaWebConfiguration : spring.jpa.open-in-view is enabled by default. Therefore, database queries may be performed during view rendering. Explicitly configure spring.jpa.open-in-view to disable this warning
2024-09-01T07:26:02.765+07:00  INFO 18172 --- [SpringMVCDemo] [main] o.s.b.a.w.s.WelcomePageHandlerMapping    : Adding welcome page template: index
2024-09-01T07:26:03.123+07:00  INFO 18172 --- [SpringMVCDemo] [main] o.s.b.w.embedded.tomcat.TomcatWebServer  : Tomcat started on port 8081 (http) with context path '/'
2024-09-01T07:26:03.130+07:00  INFO 18172 --- [SpringMVCDemo] [main] com.diep.SpringMvcDemoApplication        : Started SpringMvcDemoApplication in 4.755 seconds (process running for 5.31)
2024-09-01T07:26:11.252+07:00  INFO 18172 --- [SpringMVCDemo] [http-nio-8081-exec-1] o.a.c.c.C.[Tomcat].[localhost].[/]       : Initializing Spring DispatcherServlet 'dispatcherServlet'
2024-09-01T07:26:11.253+07:00  INFO 18172 --- [SpringMVCDemo] [http-nio-8081-exec-1] o.s.web.servlet.DispatcherServlet        : Initializing Servlet 'dispatcherServlet'
2024-09-01T07:26:11.256+07:00  INFO 18172 --- [SpringMVCDemo] [http-nio-8081-exec-1] o.s.web.servlet.DispatcherServlet        : Completed initialization in 3 ms
2024-09-01T07:26:11.304+07:00  INFO 18172 --- [SpringMVCDemo] [http-nio-8081-exec-1] com.diep.LoggingAspect                   : ---Before calling method getStudentList() ---
2024-09-01T07:38:43.260+07:00  INFO 18172 --- [SpringMVCDemo] [RMI TCP Connection(17)-127.0.0.1] inMXBeanRegistrar$SpringApplicationAdmin : Application shutdown requested.
2024-09-01T07:38:43.328+07:00  INFO 18172 --- [SpringMVCDemo] [RMI TCP Connection(17)-127.0.0.1] j.LocalContainerEntityManagerFactoryBean : Closing JPA EntityManagerFactory for persistence unit 'default'
2024-09-01T07:38:43.331+07:00  INFO 18172 --- [SpringMVCDemo] [RMI TCP Connection(17)-127.0.0.1] com.zaxxer.hikari.HikariDataSource       : HikariPool-1 - Shutdown initiated...
2024-09-01T07:38:43.341+07:00  INFO 18172 --- [SpringMVCDemo] [RMI TCP Connection(17)-127.0.0.1] com.zaxxer.hikari.HikariDataSource       : HikariPool-1 - Shutdown completed.
2024-09-01T07:38:45.221+07:00  INFO 15932 --- [SpringMVCDemo] [main] com.diep.SpringMvcDemoApplication        : Starting SpringMvcDemoApplication using Java 17.0.10 with PID 15932 (C:\Users\diepa\OneDrive\Documents\Working\Learning\Java\Code\SpringFramework\MVCWithBoot\target\classes started by diepa in C:\Users\diepa\OneDrive\Documents\Working\Learning\Java\Code\SpringFramework\MVCWithBoot)
2024-09-01T07:38:45.223+07:00  INFO 15932 --- [SpringMVCDemo] [main] com.diep.SpringMvcDemoApplication        : No active profile set, falling back to 1 default profile: "default"
2024-09-01T07:38:45.683+07:00  INFO 15932 --- [SpringMVCDemo] [main] .s.d.r.c.RepositoryConfigurationDelegate : Bootstrapping Spring Data JPA repositories in DEFAULT mode.
2024-09-01T07:38:45.734+07:00  INFO 15932 --- [SpringMVCDemo] [main] .s.d.r.c.RepositoryConfigurationDelegate : Finished Spring Data repository scanning in 44 ms. Found 1 JPA repository interface.
2024-09-01T07:38:46.324+07:00  INFO 15932 --- [SpringMVCDemo] [main] o.s.b.w.embedded.tomcat.TomcatWebServer  : Tomcat initialized with port 8081 (http)
2024-09-01T07:38:46.343+07:00  INFO 15932 --- [SpringMVCDemo] [main] o.apache.catalina.core.StandardService   : Starting service [Tomcat]
2024-09-01T07:38:46.343+07:00  INFO 15932 --- [SpringMVCDemo] [main] o.apache.catalina.core.StandardEngine    : Starting Servlet engine: [Apache Tomcat/10.1.28]
2024-09-01T07:38:46.510+07:00  INFO 15932 --- [SpringMVCDemo] [main] org.apache.jasper.servlet.TldScanner     : At least one JAR was scanned for TLDs yet contained no TLDs. Enable debug logging for this logger for a complete list of JARs that were scanned but no TLDs were found in them. Skipping unneeded JARs during scanning can improve startup time and JSP compilation time.
2024-09-01T07:38:46.515+07:00  INFO 15932 --- [SpringMVCDemo] [main] o.a.c.c.C.[Tomcat].[localhost].[/]       : Initializing Spring embedded WebApplicationContext
2024-09-01T07:38:46.516+07:00  INFO 15932 --- [SpringMVCDemo] [main] w.s.c.ServletWebServerApplicationContext : Root WebApplicationContext: initialization completed in 1260 ms
2024-09-01T07:38:47.018+07:00  INFO 15932 --- [SpringMVCDemo] [main] o.s.o.j.p.SpringPersistenceUnitInfo      : No LoadTimeWeaver setup: ignoring JPA class transformer
2024-09-01T07:38:47.039+07:00  INFO 15932 --- [SpringMVCDemo] [main] com.zaxxer.hikari.HikariDataSource       : HikariPool-1 - Starting...
2024-09-01T07:38:47.555+07:00  INFO 15932 --- [SpringMVCDemo] [main] com.zaxxer.hikari.pool.HikariPool        : HikariPool-1 - Added connection com.mysql.cj.jdbc.ConnectionImpl@fa11fda
2024-09-01T07:38:47.558+07:00  INFO 15932 --- [SpringMVCDemo] [main] com.zaxxer.hikari.HikariDataSource       : HikariPool-1 - Start completed.
2024-09-01T07:38:48.753+07:00  INFO 15932 --- [SpringMVCDemo] [main] j.LocalContainerEntityManagerFactoryBean : Initialized JPA EntityManagerFactory for persistence unit 'default'
2024-09-01T07:38:48.966+07:00  INFO 15932 --- [SpringMVCDemo] [main] o.s.d.j.r.query.QueryEnhancerFactory     : Hibernate is in classpath; If applicable, HQL parser will be used.
2024-09-01T07:38:49.444+07:00  WARN 15932 --- [SpringMVCDemo] [main] JpaBaseConfiguration$JpaWebConfiguration : spring.jpa.open-in-view is enabled by default. Therefore, database queries may be performed during view rendering. Explicitly configure spring.jpa.open-in-view to disable this warning
2024-09-01T07:38:49.474+07:00  INFO 15932 --- [SpringMVCDemo] [main] o.s.b.a.w.s.WelcomePageHandlerMapping    : Adding welcome page template: index
2024-09-01T07:38:49.861+07:00  INFO 15932 --- [SpringMVCDemo] [main] o.s.b.w.embedded.tomcat.TomcatWebServer  : Tomcat started on port 8081 (http) with context path '/'
2024-09-01T07:38:49.870+07:00  INFO 15932 --- [SpringMVCDemo] [main] com.diep.SpringMvcDemoApplication        : Started SpringMvcDemoApplication in 4.982 seconds (process running for 5.596)
2024-09-01T07:38:53.249+07:00  INFO 15932 --- [SpringMVCDemo] [http-nio-8081-exec-1] o.a.c.c.C.[Tomcat].[localhost].[/]       : Initializing Spring DispatcherServlet 'dispatcherServlet'
2024-09-01T07:38:53.249+07:00  INFO 15932 --- [SpringMVCDemo] [http-nio-8081-exec-1] o.s.web.servlet.DispatcherServlet        : Initializing Servlet 'dispatcherServlet'
2024-09-01T07:38:53.255+07:00  INFO 15932 --- [SpringMVCDemo] [http-nio-8081-exec-1] o.s.web.servlet.DispatcherServlet        : Completed initialization in 6 ms
2024-09-01T07:38:53.319+07:00  INFO 15932 --- [SpringMVCDemo] [http-nio-8081-exec-1] com.diep.LoggingAspect                   : ---Before calling method findAll() ---
2024-09-01T07:38:53.319+07:00  INFO 15932 --- [SpringMVCDemo] [http-nio-8081-exec-1] com.diep.LoggingAspect                   : ---findAll() had errors ---
2024-09-01T07:38:53.319+07:00  INFO 15932 --- [SpringMVCDemo] [http-nio-8081-exec-1] com.diep.LoggingAspect                   : ---After run findAll() ---
2024-09-01T07:38:53.319+07:00 ERROR 15932 --- [SpringMVCDemo] [http-nio-8081-exec-1] o.a.c.c.C.[.[.[/].[dispatcherServlet]    : Servlet.service() for servlet [dispatcherServlet] in context with path [] threw exception [Request processing failed: java.lang.Exception] with root cause

java.lang.Exception: null
	at com.diep.StudentRestController.findAll(StudentRestController.java:19) ~[classes/:na]
	at java.base/jdk.internal.reflect.NativeMethodAccessorImpl.invoke0(Native Method) ~[na:na]
	at java.base/jdk.internal.reflect.NativeMethodAccessorImpl.invoke(NativeMethodAccessorImpl.java:77) ~[na:na]
	at java.base/jdk.internal.reflect.DelegatingMethodAccessorImpl.invoke(DelegatingMethodAccessorImpl.java:43) ~[na:na]
	at java.base/java.lang.reflect.Method.invoke(Method.java:568) ~[na:na]
	at org.springframework.aop.support.AopUtils.invokeJoinpointUsingReflection(AopUtils.java:355) ~[spring-aop-6.1.12.jar:6.1.12]
	at org.springframework.aop.framework.ReflectiveMethodInvocation.invokeJoinpoint(ReflectiveMethodInvocation.java:196) ~[spring-aop-6.1.12.jar:6.1.12]
	at org.springframework.aop.framework.ReflectiveMethodInvocation.proceed(ReflectiveMethodInvocation.java:163) ~[spring-aop-6.1.12.jar:6.1.12]
	at org.springframework.aop.framework.CglibAopProxy$CglibMethodInvocation.proceed(CglibAopProxy.java:768) ~[spring-aop-6.1.12.jar:6.1.12]
	at org.springframework.aop.aspectj.AspectJAfterThrowingAdvice.invoke(AspectJAfterThrowingAdvice.java:64) ~[spring-aop-6.1.12.jar:6.1.12]
	at org.springframework.aop.framework.ReflectiveMethodInvocation.proceed(ReflectiveMethodInvocation.java:184) ~[spring-aop-6.1.12.jar:6.1.12]
	at org.springframework.aop.framework.CglibAopProxy$CglibMethodInvocation.proceed(CglibAopProxy.java:768) ~[spring-aop-6.1.12.jar:6.1.12]
	at org.springframework.aop.framework.adapter.AfterReturningAdviceInterceptor.invoke(AfterReturningAdviceInterceptor.java:57) ~[spring-aop-6.1.12.jar:6.1.12]
	at org.springframework.aop.framework.ReflectiveMethodInvocation.proceed(ReflectiveMethodInvocation.java:184) ~[spring-aop-6.1.12.jar:6.1.12]
	at org.springframework.aop.framework.CglibAopProxy$CglibMethodInvocation.proceed(CglibAopProxy.java:768) ~[spring-aop-6.1.12.jar:6.1.12]
	at org.springframework.aop.aspectj.AspectJAfterAdvice.invoke(AspectJAfterAdvice.java:49) ~[spring-aop-6.1.12.jar:6.1.12]
	at org.springframework.aop.framework.ReflectiveMethodInvocation.proceed(ReflectiveMethodInvocation.java:184) ~[spring-aop-6.1.12.jar:6.1.12]
	at org.springframework.aop.framework.CglibAopProxy$CglibMethodInvocation.proceed(CglibAopProxy.java:768) ~[spring-aop-6.1.12.jar:6.1.12]
	at org.springframework.aop.framework.adapter.MethodBeforeAdviceInterceptor.invoke(MethodBeforeAdviceInterceptor.java:58) ~[spring-aop-6.1.12.jar:6.1.12]
	at org.springframework.aop.framework.ReflectiveMethodInvocation.proceed(ReflectiveMethodInvocation.java:184) ~[spring-aop-6.1.12.jar:6.1.12]
	at org.springframework.aop.framework.CglibAopProxy$CglibMethodInvocation.proceed(CglibAopProxy.java:768) ~[spring-aop-6.1.12.jar:6.1.12]
	at org.springframework.aop.interceptor.ExposeInvocationInterceptor.invoke(ExposeInvocationInterceptor.java:97) ~[spring-aop-6.1.12.jar:6.1.12]
	at org.springframework.aop.framework.ReflectiveMethodInvocation.proceed(ReflectiveMethodInvocation.java:184) ~[spring-aop-6.1.12.jar:6.1.12]
	at org.springframework.aop.framework.CglibAopProxy$CglibMethodInvocation.proceed(CglibAopProxy.java:768) ~[spring-aop-6.1.12.jar:6.1.12]
	at org.springframework.aop.framework.CglibAopProxy$DynamicAdvisedInterceptor.intercept(CglibAopProxy.java:720) ~[spring-aop-6.1.12.jar:6.1.12]
	at com.diep.StudentRestController$$SpringCGLIB$$0.findAll(<generated>) ~[classes/:na]
	at java.base/jdk.internal.reflect.NativeMethodAccessorImpl.invoke0(Native Method) ~[na:na]
	at java.base/jdk.internal.reflect.NativeMethodAccessorImpl.invoke(NativeMethodAccessorImpl.java:77) ~[na:na]
	at java.base/jdk.internal.reflect.DelegatingMethodAccessorImpl.invoke(DelegatingMethodAccessorImpl.java:43) ~[na:na]
	at java.base/java.lang.reflect.Method.invoke(Method.java:568) ~[na:na]
	at org.springframework.web.method.support.InvocableHandlerMethod.doInvoke(InvocableHandlerMethod.java:255) ~[spring-web-6.1.12.jar:6.1.12]
	at org.springframework.web.method.support.InvocableHandlerMethod.invokeForRequest(InvocableHandlerMethod.java:188) ~[spring-web-6.1.12.jar:6.1.12]
	at org.springframework.web.servlet.mvc.method.annotation.ServletInvocableHandlerMethod.invokeAndHandle(ServletInvocableHandlerMethod.java:118) ~[spring-webmvc-6.1.12.jar:6.1.12]
	at org.springframework.web.servlet.mvc.method.annotation.RequestMappingHandlerAdapter.invokeHandlerMethod(RequestMappingHandlerAdapter.java:926) ~[spring-webmvc-6.1.12.jar:6.1.12]
	at org.springframework.web.servlet.mvc.method.annotation.RequestMappingHandlerAdapter.handleInternal(RequestMappingHandlerAdapter.java:831) ~[spring-webmvc-6.1.12.jar:6.1.12]
	at org.springframework.web.servlet.mvc.method.AbstractHandlerMethodAdapter.handle(AbstractHandlerMethodAdapter.java:87) ~[spring-webmvc-6.1.12.jar:6.1.12]
	at org.springframework.web.servlet.DispatcherServlet.doDispatch(DispatcherServlet.java:1089) ~[spring-webmvc-6.1.12.jar:6.1.12]
	at org.springframework.web.servlet.DispatcherServlet.doService(DispatcherServlet.java:979) ~[spring-webmvc-6.1.12.jar:6.1.12]
	at org.springframework.web.servlet.FrameworkServlet.processRequest(FrameworkServlet.java:1014) ~[spring-webmvc-6.1.12.jar:6.1.12]
	at org.springframework.web.servlet.FrameworkServlet.doGet(FrameworkServlet.java:903) ~[spring-webmvc-6.1.12.jar:6.1.12]
	at jakarta.servlet.http.HttpServlet.service(HttpServlet.java:564) ~[tomcat-embed-core-10.1.28.jar:6.0]
	at org.springframework.web.servlet.FrameworkServlet.service(FrameworkServlet.java:885) ~[spring-webmvc-6.1.12.jar:6.1.12]
	at jakarta.servlet.http.HttpServlet.service(HttpServlet.java:658) ~[tomcat-embed-core-10.1.28.jar:6.0]
	at org.apache.catalina.core.ApplicationFilterChain.internalDoFilter(ApplicationFilterChain.java:195) ~[tomcat-embed-core-10.1.28.jar:10.1.28]
	at org.apache.catalina.core.ApplicationFilterChain.doFilter(ApplicationFilterChain.java:140) ~[tomcat-embed-core-10.1.28.jar:10.1.28]
	at org.apache.tomcat.websocket.server.WsFilter.doFilter(WsFilter.java:51) ~[tomcat-embed-websocket-10.1.28.jar:10.1.28]
	at org.apache.catalina.core.ApplicationFilterChain.internalDoFilter(ApplicationFilterChain.java:164) ~[tomcat-embed-core-10.1.28.jar:10.1.28]
	at org.apache.catalina.core.ApplicationFilterChain.doFilter(ApplicationFilterChain.java:140) ~[tomcat-embed-core-10.1.28.jar:10.1.28]
	at org.springframework.web.filter.RequestContextFilter.doFilterInternal(RequestContextFilter.java:100) ~[spring-web-6.1.12.jar:6.1.12]
	at org.springframework.web.filter.OncePerRequestFilter.doFilter(OncePerRequestFilter.java:116) ~[spring-web-6.1.12.jar:6.1.12]
	at org.apache.catalina.core.ApplicationFilterChain.internalDoFilter(ApplicationFilterChain.java:164) ~[tomcat-embed-core-10.1.28.jar:10.1.28]
	at org.apache.catalina.core.ApplicationFilterChain.doFilter(ApplicationFilterChain.java:140) ~[tomcat-embed-core-10.1.28.jar:10.1.28]
	at org.springframework.web.filter.FormContentFilter.doFilterInternal(FormContentFilter.java:93) ~[spring-web-6.1.12.jar:6.1.12]
	at org.springframework.web.filter.OncePerRequestFilter.doFilter(OncePerRequestFilter.java:116) ~[spring-web-6.1.12.jar:6.1.12]
	at org.apache.catalina.core.ApplicationFilterChain.internalDoFilter(ApplicationFilterChain.java:164) ~[tomcat-embed-core-10.1.28.jar:10.1.28]
	at org.apache.catalina.core.ApplicationFilterChain.doFilter(ApplicationFilterChain.java:140) ~[tomcat-embed-core-10.1.28.jar:10.1.28]
	at org.springframework.web.filter.CharacterEncodingFilter.doFilterInternal(CharacterEncodingFilter.java:201) ~[spring-web-6.1.12.jar:6.1.12]
	at org.springframework.web.filter.OncePerRequestFilter.doFilter(OncePerRequestFilter.java:116) ~[spring-web-6.1.12.jar:6.1.12]
	at org.apache.catalina.core.ApplicationFilterChain.internalDoFilter(ApplicationFilterChain.java:164) ~[tomcat-embed-core-10.1.28.jar:10.1.28]
	at org.apache.catalina.core.ApplicationFilterChain.doFilter(ApplicationFilterChain.java:140) ~[tomcat-embed-core-10.1.28.jar:10.1.28]
	at org.apache.catalina.core.StandardWrapperValve.invoke(StandardWrapperValve.java:167) ~[tomcat-embed-core-10.1.28.jar:10.1.28]
	at org.apache.catalina.core.StandardContextValve.invoke(StandardContextValve.java:90) ~[tomcat-embed-core-10.1.28.jar:10.1.28]
	at org.apache.catalina.authenticator.AuthenticatorBase.invoke(AuthenticatorBase.java:483) ~[tomcat-embed-core-10.1.28.jar:10.1.28]
	at org.apache.catalina.core.StandardHostValve.invoke(StandardHostValve.java:115) ~[tomcat-embed-core-10.1.28.jar:10.1.28]
	at org.apache.catalina.valves.ErrorReportValve.invoke(ErrorReportValve.java:93) ~[tomcat-embed-core-10.1.28.jar:10.1.28]
	at org.apache.catalina.core.StandardEngineValve.invoke(StandardEngineValve.java:74) ~[tomcat-embed-core-10.1.28.jar:10.1.28]
	at org.apache.catalina.connector.CoyoteAdapter.service(CoyoteAdapter.java:344) ~[tomcat-embed-core-10.1.28.jar:10.1.28]
	at org.apache.coyote.http11.Http11Processor.service(Http11Processor.java:384) ~[tomcat-embed-core-10.1.28.jar:10.1.28]
	at org.apache.coyote.AbstractProcessorLight.process(AbstractProcessorLight.java:63) ~[tomcat-embed-core-10.1.28.jar:10.1.28]
	at org.apache.coyote.AbstractProtocol$ConnectionHandler.process(AbstractProtocol.java:904) ~[tomcat-embed-core-10.1.28.jar:10.1.28]
	at org.apache.tomcat.util.net.NioEndpoint$SocketProcessor.doRun(NioEndpoint.java:1741) ~[tomcat-embed-core-10.1.28.jar:10.1.28]
	at org.apache.tomcat.util.net.SocketProcessorBase.run(SocketProcessorBase.java:52) ~[tomcat-embed-core-10.1.28.jar:10.1.28]
	at org.apache.tomcat.util.threads.ThreadPoolExecutor.runWorker(ThreadPoolExecutor.java:1190) ~[tomcat-embed-core-10.1.28.jar:10.1.28]
	at org.apache.tomcat.util.threads.ThreadPoolExecutor$Worker.run(ThreadPoolExecutor.java:659) ~[tomcat-embed-core-10.1.28.jar:10.1.28]
	at org.apache.tomcat.util.threads.TaskThread$WrappingRunnable.run(TaskThread.java:63) ~[tomcat-embed-core-10.1.28.jar:10.1.28]
	at java.base/java.lang.Thread.run(Thread.java:840) ~[na:na]

2024-09-01T07:39:19.409+07:00  INFO 15932 --- [SpringMVCDemo] [RMI TCP Connection(2)-127.0.0.1] inMXBeanRegistrar$SpringApplicationAdmin : Application shutdown requested.
2024-09-01T07:39:19.481+07:00  INFO 15932 --- [SpringMVCDemo] [RMI TCP Connection(2)-127.0.0.1] j.LocalContainerEntityManagerFactoryBean : Closing JPA EntityManagerFactory for persistence unit 'default'
2024-09-01T07:39:19.483+07:00  INFO 15932 --- [SpringMVCDemo] [RMI TCP Connection(2)-127.0.0.1] com.zaxxer.hikari.HikariDataSource       : HikariPool-1 - Shutdown initiated...
2024-09-01T07:39:19.489+07:00  INFO 15932 --- [SpringMVCDemo] [RMI TCP Connection(2)-127.0.0.1] com.zaxxer.hikari.HikariDataSource       : HikariPool-1 - Shutdown completed.
2024-09-01T07:39:21.329+07:00  INFO 9516 --- [SpringMVCDemo] [main] com.diep.SpringMvcDemoApplication        : Starting SpringMvcDemoApplication using Java 17.0.10 with PID 9516 (C:\Users\diepa\OneDrive\Documents\Working\Learning\Java\Code\SpringFramework\MVCWithBoot\target\classes started by diepa in C:\Users\diepa\OneDrive\Documents\Working\Learning\Java\Code\SpringFramework\MVCWithBoot)
2024-09-01T07:39:21.331+07:00  INFO 9516 --- [SpringMVCDemo] [main] com.diep.SpringMvcDemoApplication        : No active profile set, falling back to 1 default profile: "default"
2024-09-01T07:39:21.804+07:00  INFO 9516 --- [SpringMVCDemo] [main] .s.d.r.c.RepositoryConfigurationDelegate : Bootstrapping Spring Data JPA repositories in DEFAULT mode.
2024-09-01T07:39:21.849+07:00  INFO 9516 --- [SpringMVCDemo] [main] .s.d.r.c.RepositoryConfigurationDelegate : Finished Spring Data repository scanning in 38 ms. Found 1 JPA repository interface.
2024-09-01T07:39:22.475+07:00  INFO 9516 --- [SpringMVCDemo] [main] o.s.b.w.embedded.tomcat.TomcatWebServer  : Tomcat initialized with port 8081 (http)
2024-09-01T07:39:22.490+07:00  INFO 9516 --- [SpringMVCDemo] [main] o.apache.catalina.core.StandardService   : Starting service [Tomcat]
2024-09-01T07:39:22.490+07:00  INFO 9516 --- [SpringMVCDemo] [main] o.apache.catalina.core.StandardEngine    : Starting Servlet engine: [Apache Tomcat/10.1.28]
2024-09-01T07:39:22.673+07:00  INFO 9516 --- [SpringMVCDemo] [main] org.apache.jasper.servlet.TldScanner     : At least one JAR was scanned for TLDs yet contained no TLDs. Enable debug logging for this logger for a complete list of JARs that were scanned but no TLDs were found in them. Skipping unneeded JARs during scanning can improve startup time and JSP compilation time.
2024-09-01T07:39:22.678+07:00  INFO 9516 --- [SpringMVCDemo] [main] o.a.c.c.C.[Tomcat].[localhost].[/]       : Initializing Spring embedded WebApplicationContext
2024-09-01T07:39:22.679+07:00  INFO 9516 --- [SpringMVCDemo] [main] w.s.c.ServletWebServerApplicationContext : Root WebApplicationContext: initialization completed in 1315 ms
2024-09-01T07:39:23.264+07:00  INFO 9516 --- [SpringMVCDemo] [main] o.s.o.j.p.SpringPersistenceUnitInfo      : No LoadTimeWeaver setup: ignoring JPA class transformer
2024-09-01T07:39:23.286+07:00  INFO 9516 --- [SpringMVCDemo] [main] com.zaxxer.hikari.HikariDataSource       : HikariPool-1 - Starting...
2024-09-01T07:39:23.678+07:00  INFO 9516 --- [SpringMVCDemo] [main] com.zaxxer.hikari.pool.HikariPool        : HikariPool-1 - Added connection com.mysql.cj.jdbc.ConnectionImpl@300aa927
2024-09-01T07:39:23.681+07:00  INFO 9516 --- [SpringMVCDemo] [main] com.zaxxer.hikari.HikariDataSource       : HikariPool-1 - Start completed.
2024-09-01T07:39:24.617+07:00  INFO 9516 --- [SpringMVCDemo] [main] j.LocalContainerEntityManagerFactoryBean : Initialized JPA EntityManagerFactory for persistence unit 'default'
2024-09-01T07:39:24.863+07:00  INFO 9516 --- [SpringMVCDemo] [main] o.s.d.j.r.query.QueryEnhancerFactory     : Hibernate is in classpath; If applicable, HQL parser will be used.
2024-09-01T07:39:25.297+07:00  WARN 9516 --- [SpringMVCDemo] [main] JpaBaseConfiguration$JpaWebConfiguration : spring.jpa.open-in-view is enabled by default. Therefore, database queries may be performed during view rendering. Explicitly configure spring.jpa.open-in-view to disable this warning
2024-09-01T07:39:25.333+07:00  INFO 9516 --- [SpringMVCDemo] [main] o.s.b.a.w.s.WelcomePageHandlerMapping    : Adding welcome page template: index
2024-09-01T07:39:25.734+07:00  INFO 9516 --- [SpringMVCDemo] [main] o.s.b.w.embedded.tomcat.TomcatWebServer  : Tomcat started on port 8081 (http) with context path '/'
2024-09-01T07:39:25.743+07:00  INFO 9516 --- [SpringMVCDemo] [main] com.diep.SpringMvcDemoApplication        : Started SpringMvcDemoApplication in 4.801 seconds (process running for 5.52)
2024-09-01T07:39:28.837+07:00  INFO 9516 --- [SpringMVCDemo] [http-nio-8081-exec-1] o.a.c.c.C.[Tomcat].[localhost].[/]       : Initializing Spring DispatcherServlet 'dispatcherServlet'
2024-09-01T07:39:28.837+07:00  INFO 9516 --- [SpringMVCDemo] [http-nio-8081-exec-1] o.s.web.servlet.DispatcherServlet        : Initializing Servlet 'dispatcherServlet'
2024-09-01T07:39:28.838+07:00  INFO 9516 --- [SpringMVCDemo] [http-nio-8081-exec-1] o.s.web.servlet.DispatcherServlet        : Completed initialization in 1 ms
2024-09-01T07:39:28.887+07:00  INFO 9516 --- [SpringMVCDemo] [http-nio-8081-exec-1] com.diep.LoggingAspect                   : ---Before calling method findAll() ---
2024-09-01T07:39:28.976+07:00  INFO 9516 --- [SpringMVCDemo] [http-nio-8081-exec-1] com.diep.LoggingAspect                   : ---After return values of findAll() ---
2024-09-01T07:39:28.977+07:00  INFO 9516 --- [SpringMVCDemo] [http-nio-8081-exec-1] com.diep.LoggingAspect                   : ---After run findAll() ---
2024-09-01T08:57:28.878+07:00  WARN 9516 --- [SpringMVCDemo] [HikariPool-1 housekeeper] com.zaxxer.hikari.pool.HikariPool        : HikariPool-1 - Thread starvation or clock leap detected (housekeeper delta=1h6m4s921ms546µs900ns).
2024-09-01T09:34:28.597+07:00  INFO 9516 --- [SpringMVCDemo] [RMI TCP Connection(56)-127.0.0.1] inMXBeanRegistrar$SpringApplicationAdmin : Application shutdown requested.
2024-09-01T09:34:28.721+07:00  INFO 9516 --- [SpringMVCDemo] [RMI TCP Connection(56)-127.0.0.1] j.LocalContainerEntityManagerFactoryBean : Closing JPA EntityManagerFactory for persistence unit 'default'
2024-09-01T09:34:28.721+07:00  INFO 9516 --- [SpringMVCDemo] [RMI TCP Connection(56)-127.0.0.1] com.zaxxer.hikari.HikariDataSource       : HikariPool-1 - Shutdown initiated...
2024-09-01T09:34:28.737+07:00  INFO 9516 --- [SpringMVCDemo] [RMI TCP Connection(56)-127.0.0.1] com.zaxxer.hikari.HikariDataSource       : HikariPool-1 - Shutdown completed.
